<?xml version="1.0" encoding="UTF-8" ?>
<testsuite failures="0" time="0.949" errors="0" skipped="0" tests="2" name="com.ss.institution.dao.InstitutionMgmtDAOTest">
  <properties>
    <property name="java.runtime.name" value="Java(TM) SE Runtime Environment"/>
    <property name="sun.boot.library.path" value="/Library/Java/JavaVirtualMachines/jdk1.7.0_25.jdk/Contents/Home/jre/lib"/>
    <property name="java.vm.version" value="23.25-b01"/>
    <property name="gopherProxySet" value="false"/>
    <property name="java.vm.vendor" value="Oracle Corporation"/>
    <property name="java.vendor.url" value="http://java.oracle.com/"/>
    <property name="path.separator" value=":"/>
    <property name="java.vm.name" value="Java HotSpot(TM) 64-Bit Server VM"/>
    <property name="file.encoding.pkg" value="sun.io"/>
    <property name="user.country" value="US"/>
    <property name="sun.java.launcher" value="SUN_STANDARD"/>
    <property name="sun.os.patch.level" value="unknown"/>
    <property name="java.vm.specification.name" value="Java Virtual Machine Specification"/>
    <property name="user.dir" value="/Users/shantanu/Documents/projects/analytics/lcs-scheduling-java"/>
    <property name="java.runtime.version" value="1.7.0_25-b15"/>
    <property name="java.awt.graphicsenv" value="sun.awt.CGraphicsEnvironment"/>
    <property name="basedir" value="/Users/shantanu/Documents/projects/analytics/lcs-scheduling-java"/>
    <property name="java.endorsed.dirs" value="/Library/Java/JavaVirtualMachines/jdk1.7.0_25.jdk/Contents/Home/jre/lib/endorsed"/>
    <property name="os.arch" value="x86_64"/>
    <property name="surefire.real.class.path" value="/Users/shantanu/Documents/projects/analytics/lcs-scheduling-java/target/surefire/surefirebooter6635155710049132553.jar"/>
    <property name="java.io.tmpdir" value="/var/folders/p5/7pkll9gs0kx33f07vh3lqptw0000gn/T/"/>
    <property name="line.separator" value="
"/>
    <property name="java.vm.specification.vendor" value="Oracle Corporation"/>
    <property name="os.name" value="Mac OS X"/>
    <property name="sun.jnu.encoding" value="US-ASCII"/>
    <property name="java.library.path" value="/Users/shantanu/Library/Java/Extensions:/Library/Java/Extensions:/Network/Library/Java/Extensions:/System/Library/Java/Extensions:/usr/lib/java:."/>
    <property name="surefire.test.class.path" value="/Users/shantanu/Documents/projects/analytics/lcs-scheduling-java/target/test-classes:/Users/shantanu/Documents/projects/analytics/lcs-scheduling-java/target/classes:/Users/shantanu/.m2/repository/org/apache/httpcomponents/httpclient/4.2/httpclient-4.2.jar:/Users/shantanu/.m2/repository/org/apache/httpcomponents/httpcore/4.2/httpcore-4.2.jar:/Users/shantanu/.m2/repository/commons-logging/commons-logging/1.1.1/commons-logging-1.1.1.jar:/Users/shantanu/.m2/repository/commons-codec/commons-codec/1.6/commons-codec-1.6.jar:/Users/shantanu/.m2/repository/org/springframework/security/spring-security-web/3.0.8.RELEASE/spring-security-web-3.0.8.RELEASE.jar:/Users/shantanu/.m2/repository/org/springframework/security/spring-security-core/3.0.8.RELEASE/spring-security-core-3.0.8.RELEASE.jar:/Users/shantanu/.m2/repository/org/aspectj/aspectjrt/1.6.8/aspectjrt-1.6.8.jar:/Users/shantanu/.m2/repository/org/springframework/spring-web/3.2.1.RELEASE/spring-web-3.2.1.RELEASE.jar:/Users/shantanu/.m2/repository/org/springframework/spring-aop/3.2.1.RELEASE/spring-aop-3.2.1.RELEASE.jar:/Users/shantanu/.m2/repository/org/springframework/spring-context/3.2.1.RELEASE/spring-context-3.2.1.RELEASE.jar:/Users/shantanu/.m2/repository/org/springframework/spring-beans/3.2.1.RELEASE/spring-beans-3.2.1.RELEASE.jar:/Users/shantanu/.m2/repository/aopalliance/aopalliance/1.0/aopalliance-1.0.jar:/Users/shantanu/.m2/repository/org/springframework/spring-core/3.2.1.RELEASE/spring-core-3.2.1.RELEASE.jar:/Users/shantanu/.m2/repository/org/springframework/spring-jdbc/3.2.1.RELEASE/spring-jdbc-3.2.1.RELEASE.jar:/Users/shantanu/.m2/repository/org/springframework/spring-tx/3.2.1.RELEASE/spring-tx-3.2.1.RELEASE.jar:/Users/shantanu/.m2/repository/net/sf/saxon/Saxon-HE/9.4/Saxon-HE-9.4.jar:/Users/shantanu/.m2/repository/org/jdom/jdom/1.1/jdom-1.1.jar:/Users/shantanu/.m2/repository/xom/xom/1.2.5/xom-1.2.5.jar:/Users/shantanu/.m2/repository/xml-apis/xml-apis/1.3.03/xml-apis-1.3.03.jar:/Users/shantanu/.m2/repository/xerces/xercesImpl/2.8.0/xercesImpl-2.8.0.jar:/Users/shantanu/.m2/repository/xalan/xalan/2.7.0/xalan-2.7.0.jar:/Users/shantanu/.m2/repository/dom4j/dom4j/1.6.1/dom4j-1.6.1.jar:/Users/shantanu/.m2/repository/xml-resolver/xml-resolver/1.2/xml-resolver-1.2.jar:/Users/shantanu/.m2/repository/org/apache/httpcomponents/httpmime/4.0.1/httpmime-4.0.1.jar:/Users/shantanu/.m2/repository/org/apache/james/apache-mime4j/0.6/apache-mime4j-0.6.jar:/Users/shantanu/.m2/repository/cglib/cglib-nodep/2.1_3/cglib-nodep-2.1_3.jar:/Users/shantanu/.m2/repository/org/springframework/spring-jms/3.2.1.RELEASE/spring-jms-3.2.1.RELEASE.jar:/Users/shantanu/.m2/repository/commons-fileupload/commons-fileupload/1.2/commons-fileupload-1.2.jar:/Users/shantanu/.m2/repository/org/apache/xbean/xbean-spring/3.7/xbean-spring-3.7.jar:/Users/shantanu/.m2/repository/org/springframework/spring-webmvc/3.2.1.RELEASE/spring-webmvc-3.2.1.RELEASE.jar:/Users/shantanu/.m2/repository/org/springframework/spring-expression/3.2.1.RELEASE/spring-expression-3.2.1.RELEASE.jar:/Users/shantanu/.m2/repository/org/springframework/spring-orm/3.2.1.RELEASE/spring-orm-3.2.1.RELEASE.jar:/Users/shantanu/.m2/repository/commons-io/commons-io/1.3.2/commons-io-1.3.2.jar:/Users/shantanu/.m2/repository/org/springframework/spring-test/3.2.1.RELEASE/spring-test-3.2.1.RELEASE.jar:/Users/shantanu/.m2/repository/junit/junit/4.8.2/junit-4.8.2.jar:/Users/shantanu/.m2/repository/net/sf/flexjson/flexjson/2.0/flexjson-2.0.jar:/Users/shantanu/.m2/repository/org/hibernate/javax/persistence/hibernate-jpa-2.0-api/1.0.0.Final/hibernate-jpa-2.0-api-1.0.0.Final.jar:/Users/shantanu/.m2/repository/org/hibernate/hibernate-core/3.6.0.Final/hibernate-core-3.6.0.Final.jar:/Users/shantanu/.m2/repository/antlr/antlr/2.7.6/antlr-2.7.6.jar:/Users/shantanu/.m2/repository/commons-collections/commons-collections/3.1/commons-collections-3.1.jar:/Users/shantanu/.m2/repository/org/hibernate/hibernate-commons-annotations/3.2.0.Final/hibernate-commons-annotations-3.2.0.Final.jar:/Users/shantanu/.m2/repository/javax/transaction/jta/1.1/jta-1.1.jar:/Users/shantanu/.m2/repository/org/codehaus/jackson/jackson-mapper-asl/1.9.9/jackson-mapper-asl-1.9.9.jar:/Users/shantanu/.m2/repository/org/codehaus/jackson/jackson-core-asl/1.9.9/jackson-core-asl-1.9.9.jar:/Users/shantanu/.m2/repository/javassist/javassist/3.4.GA/javassist-3.4.GA.jar:/Users/shantanu/.m2/repository/javax/servlet/servlet-api/2.5/servlet-api-2.5.jar:/Users/shantanu/.m2/repository/org/jasypt/jasypt/1.7/jasypt-1.7.jar:/Users/shantanu/.m2/repository/org/springframework/spring-aspects/3.2.1.RELEASE/spring-aspects-3.2.1.RELEASE.jar:/Users/shantanu/.m2/repository/org/aspectj/aspectjweaver/1.7.1/aspectjweaver-1.7.1.jar:/Users/shantanu/.m2/repository/org/springframework/spring-context-support/3.2.1.RELEASE/spring-context-support-3.2.1.RELEASE.jar:/Users/shantanu/.m2/repository/net/sf/json-lib/json-lib/2.3/json-lib-2.3-jdk15.jar:/Users/shantanu/.m2/repository/commons-beanutils/commons-beanutils/1.8.0/commons-beanutils-1.8.0.jar:/Users/shantanu/.m2/repository/commons-lang/commons-lang/2.4/commons-lang-2.4.jar:/Users/shantanu/.m2/repository/net/sf/ezmorph/ezmorph/1.0.6/ezmorph-1.0.6.jar:/Users/shantanu/.m2/repository/org/springframework/ws/spring-ws-core/2.0.0.RELEASE/spring-ws-core-2.0.0.RELEASE.jar:/Users/shantanu/.m2/repository/org/springframework/spring-oxm/3.0.5.RELEASE/spring-oxm-3.0.5.RELEASE.jar:/Users/shantanu/.m2/repository/wsdl4j/wsdl4j/1.6.1/wsdl4j-1.6.1.jar:/Users/shantanu/.m2/repository/javax/xml/stream/stax-api/1.0-2/stax-api-1.0-2.jar:/Users/shantanu/.m2/repository/org/springframework/ws/spring-ws-security/2.0.0.RELEASE/spring-ws-security-2.0.0.RELEASE.jar:/Users/shantanu/.m2/repository/org/springframework/ws/spring-xml/2.0.0.RELEASE/spring-xml-2.0.0.RELEASE.jar:/Users/shantanu/.m2/repository/org/springframework/ws/spring-ws-support/2.0.0.RELEASE/spring-ws-support-2.0.0.RELEASE.jar:/Users/shantanu/.m2/repository/com/sun/xml/wss/xws-security/3.0/xws-security-3.0.jar:/Users/shantanu/.m2/repository/javax/xml/soap/saaj-api/1.3/saaj-api-1.3.jar:/Users/shantanu/.m2/repository/javax/mail/mail/1.4/mail-1.4.jar:/Users/shantanu/.m2/repository/javax/xml/bind/jaxb-api/2.0/jaxb-api-2.0.jar:/Users/shantanu/.m2/repository/javax/xml/bind/jsr173_api/1.0/jsr173_api-1.0.jar:/Users/shantanu/.m2/repository/javax/xml/crypto/xmldsig/1.0/xmldsig-1.0.jar:/Users/shantanu/.m2/repository/javax/xml/ws/jaxws-api/2.1/jaxws-api-2.1.jar:/Users/shantanu/.m2/repository/javax/activation/activation/1.1/activation-1.1.jar:/Users/shantanu/.m2/repository/org/perf4j/perf4j/0.9.16/perf4j-0.9.16.jar:/Users/shantanu/.m2/repository/net/sourceforge/jtds/jtds/1.2.2/jtds-1.2.2.jar:/Users/shantanu/.m2/repository/org/apache/activemq/activemq-core/5.7.0/activemq-core-5.7.0.jar:/Users/shantanu/.m2/repository/org/slf4j/slf4j-api/1.6.6/slf4j-api-1.6.6.jar:/Users/shantanu/.m2/repository/org/apache/geronimo/specs/geronimo-jms_1.1_spec/1.1.1/geronimo-jms_1.1_spec-1.1.1.jar:/Users/shantanu/.m2/repository/org/apache/activemq/kahadb/5.7.0/kahadb-5.7.0.jar:/Users/shantanu/.m2/repository/org/apache/activemq/protobuf/activemq-protobuf/1.1/activemq-protobuf-1.1.jar:/Users/shantanu/.m2/repository/org/fusesource/mqtt-client/mqtt-client/1.3/mqtt-client-1.3.jar:/Users/shantanu/.m2/repository/org/fusesource/hawtdispatch/hawtdispatch-transport/1.11/hawtdispatch-transport-1.11.jar:/Users/shantanu/.m2/repository/org/fusesource/hawtdispatch/hawtdispatch/1.11/hawtdispatch-1.11.jar:/Users/shantanu/.m2/repository/org/fusesource/hawtbuf/hawtbuf/1.9/hawtbuf-1.9.jar:/Users/shantanu/.m2/repository/org/apache/geronimo/specs/geronimo-j2ee-management_1.1_spec/1.0.1/geronimo-j2ee-management_1.1_spec-1.0.1.jar:/Users/shantanu/.m2/repository/commons-net/commons-net/3.1/commons-net-3.1.jar:/Users/shantanu/.m2/repository/org/apache/activemq/activeio-core/3.1.4/activeio-core-3.1.4.jar:/Users/shantanu/.m2/repository/org/apache/activemq/activemq-pool/5.7.0/activemq-pool-5.7.0.jar:/Users/shantanu/.m2/repository/org/apache/geronimo/specs/geronimo-jta_1.0.1B_spec/1.0.1/geronimo-jta_1.0.1B_spec-1.0.1.jar:/Users/shantanu/.m2/repository/commons-pool/commons-pool/1.6/commons-pool-1.6.jar:/Users/shantanu/.m2/repository/org/aspectj/aspectjtools/1.6.8/aspectjtools-1.6.8.jar:/Users/shantanu/.m2/repository/javax/xml/jaxrpc-api/1.1/jaxrpc-api-1.1.jar:/Users/shantanu/.m2/repository/commons-discovery/commons-discovery/0.4/commons-discovery-0.4.jar:/Users/shantanu/.m2/repository/org/opensymphony/quartz/quartz/1.6.1/quartz-1.6.1.jar:/Users/shantanu/.m2/repository/displaytag/displaytag/1.2/displaytag-1.2.jar:/Users/shantanu/.m2/repository/com/lowagie/itext/1.3/itext-1.3.jar:/Users/shantanu/.m2/repository/org/apache/poi/poi/3.7/poi-3.7.jar:/Users/shantanu/.m2/repository/org/apache/poi/poi-ooxml/3.7/poi-ooxml-3.7.jar:/Users/shantanu/.m2/repository/org/apache/poi/poi-ooxml-schemas/3.7/poi-ooxml-schemas-3.7.jar:/Users/shantanu/.m2/repository/org/apache/xmlbeans/xmlbeans/2.3.0/xmlbeans-2.3.0.jar:/Users/shantanu/.m2/repository/stax/stax-api/1.0.1/stax-api-1.0.1.jar:/Users/shantanu/.m2/repository/org/apache/geronimo/specs/geronimo-stax-api_1.0_spec/1.0/geronimo-stax-api_1.0_spec-1.0.jar:/Users/shantanu/.m2/repository/org/slf4j/log4j-over-slf4j/1.7.5/log4j-over-slf4j-1.7.5.jar:/Users/shantanu/.m2/repository/org/slf4j/jul-to-slf4j/1.7.5/jul-to-slf4j-1.7.5.jar:/Users/shantanu/.m2/repository/org/slf4j/jcl-over-slf4j/1.7.5/jcl-over-slf4j-1.7.5.jar:/Users/shantanu/.m2/repository/ch/qos/logback/logback-classic/1.0.13/logback-classic-1.0.13.jar:/Users/shantanu/.m2/repository/ch/qos/logback/logback-core/1.0.13/logback-core-1.0.13.jar:/Users/shantanu/Documents/projects/analytics/lcs-scheduling-java/../lcs-scheduling-web/src/main/webapp/WEB-INF/lib/campusVueIntegrationServices.jar:/Users/shantanu/.m2/repository/com/thoughtworks/xstream/xstream/1.4.4/xstream-1.4.4.jar:/Users/shantanu/.m2/repository/xmlpull/xmlpull/1.1.3.1/xmlpull-1.1.3.1.jar:/Users/shantanu/.m2/repository/xpp3/xpp3_min/1.1.4c/xpp3_min-1.1.4c.jar:"/>
    <property name="java.specification.name" value="Java Platform API Specification"/>
    <property name="java.class.version" value="51.0"/>
    <property name="sun.management.compiler" value="HotSpot 64-Bit Tiered Compilers"/>
    <property name="os.version" value="10.8.4"/>
    <property name="http.nonProxyHosts" value="local|*.local|169.254/16|*.169.254/16"/>
    <property name="user.home" value="/Users/shantanu"/>
    <property name="user.timezone" value="America/Phoenix"/>
    <property name="java.awt.printerjob" value="sun.lwawt.macosx.CPrinterJob"/>
    <property name="java.specification.version" value="1.7"/>
    <property name="file.encoding" value="US-ASCII"/>
    <property name="user.name" value="shantanu"/>
    <property name="java.class.path" value="/Users/shantanu/Documents/projects/analytics/lcs-scheduling-java/target/test-classes:/Users/shantanu/Documents/projects/analytics/lcs-scheduling-java/target/classes:/Users/shantanu/.m2/repository/org/apache/httpcomponents/httpclient/4.2/httpclient-4.2.jar:/Users/shantanu/.m2/repository/org/apache/httpcomponents/httpcore/4.2/httpcore-4.2.jar:/Users/shantanu/.m2/repository/commons-logging/commons-logging/1.1.1/commons-logging-1.1.1.jar:/Users/shantanu/.m2/repository/commons-codec/commons-codec/1.6/commons-codec-1.6.jar:/Users/shantanu/.m2/repository/org/springframework/security/spring-security-web/3.0.8.RELEASE/spring-security-web-3.0.8.RELEASE.jar:/Users/shantanu/.m2/repository/org/springframework/security/spring-security-core/3.0.8.RELEASE/spring-security-core-3.0.8.RELEASE.jar:/Users/shantanu/.m2/repository/org/aspectj/aspectjrt/1.6.8/aspectjrt-1.6.8.jar:/Users/shantanu/.m2/repository/org/springframework/spring-web/3.2.1.RELEASE/spring-web-3.2.1.RELEASE.jar:/Users/shantanu/.m2/repository/org/springframework/spring-aop/3.2.1.RELEASE/spring-aop-3.2.1.RELEASE.jar:/Users/shantanu/.m2/repository/org/springframework/spring-context/3.2.1.RELEASE/spring-context-3.2.1.RELEASE.jar:/Users/shantanu/.m2/repository/org/springframework/spring-beans/3.2.1.RELEASE/spring-beans-3.2.1.RELEASE.jar:/Users/shantanu/.m2/repository/aopalliance/aopalliance/1.0/aopalliance-1.0.jar:/Users/shantanu/.m2/repository/org/springframework/spring-core/3.2.1.RELEASE/spring-core-3.2.1.RELEASE.jar:/Users/shantanu/.m2/repository/org/springframework/spring-jdbc/3.2.1.RELEASE/spring-jdbc-3.2.1.RELEASE.jar:/Users/shantanu/.m2/repository/org/springframework/spring-tx/3.2.1.RELEASE/spring-tx-3.2.1.RELEASE.jar:/Users/shantanu/.m2/repository/net/sf/saxon/Saxon-HE/9.4/Saxon-HE-9.4.jar:/Users/shantanu/.m2/repository/org/jdom/jdom/1.1/jdom-1.1.jar:/Users/shantanu/.m2/repository/xom/xom/1.2.5/xom-1.2.5.jar:/Users/shantanu/.m2/repository/xml-apis/xml-apis/1.3.03/xml-apis-1.3.03.jar:/Users/shantanu/.m2/repository/xerces/xercesImpl/2.8.0/xercesImpl-2.8.0.jar:/Users/shantanu/.m2/repository/xalan/xalan/2.7.0/xalan-2.7.0.jar:/Users/shantanu/.m2/repository/dom4j/dom4j/1.6.1/dom4j-1.6.1.jar:/Users/shantanu/.m2/repository/xml-resolver/xml-resolver/1.2/xml-resolver-1.2.jar:/Users/shantanu/.m2/repository/org/apache/httpcomponents/httpmime/4.0.1/httpmime-4.0.1.jar:/Users/shantanu/.m2/repository/org/apache/james/apache-mime4j/0.6/apache-mime4j-0.6.jar:/Users/shantanu/.m2/repository/cglib/cglib-nodep/2.1_3/cglib-nodep-2.1_3.jar:/Users/shantanu/.m2/repository/org/springframework/spring-jms/3.2.1.RELEASE/spring-jms-3.2.1.RELEASE.jar:/Users/shantanu/.m2/repository/commons-fileupload/commons-fileupload/1.2/commons-fileupload-1.2.jar:/Users/shantanu/.m2/repository/org/apache/xbean/xbean-spring/3.7/xbean-spring-3.7.jar:/Users/shantanu/.m2/repository/org/springframework/spring-webmvc/3.2.1.RELEASE/spring-webmvc-3.2.1.RELEASE.jar:/Users/shantanu/.m2/repository/org/springframework/spring-expression/3.2.1.RELEASE/spring-expression-3.2.1.RELEASE.jar:/Users/shantanu/.m2/repository/org/springframework/spring-orm/3.2.1.RELEASE/spring-orm-3.2.1.RELEASE.jar:/Users/shantanu/.m2/repository/commons-io/commons-io/1.3.2/commons-io-1.3.2.jar:/Users/shantanu/.m2/repository/org/springframework/spring-test/3.2.1.RELEASE/spring-test-3.2.1.RELEASE.jar:/Users/shantanu/.m2/repository/junit/junit/4.8.2/junit-4.8.2.jar:/Users/shantanu/.m2/repository/net/sf/flexjson/flexjson/2.0/flexjson-2.0.jar:/Users/shantanu/.m2/repository/org/hibernate/javax/persistence/hibernate-jpa-2.0-api/1.0.0.Final/hibernate-jpa-2.0-api-1.0.0.Final.jar:/Users/shantanu/.m2/repository/org/hibernate/hibernate-core/3.6.0.Final/hibernate-core-3.6.0.Final.jar:/Users/shantanu/.m2/repository/antlr/antlr/2.7.6/antlr-2.7.6.jar:/Users/shantanu/.m2/repository/commons-collections/commons-collections/3.1/commons-collections-3.1.jar:/Users/shantanu/.m2/repository/org/hibernate/hibernate-commons-annotations/3.2.0.Final/hibernate-commons-annotations-3.2.0.Final.jar:/Users/shantanu/.m2/repository/javax/transaction/jta/1.1/jta-1.1.jar:/Users/shantanu/.m2/repository/org/codehaus/jackson/jackson-mapper-asl/1.9.9/jackson-mapper-asl-1.9.9.jar:/Users/shantanu/.m2/repository/org/codehaus/jackson/jackson-core-asl/1.9.9/jackson-core-asl-1.9.9.jar:/Users/shantanu/.m2/repository/javassist/javassist/3.4.GA/javassist-3.4.GA.jar:/Users/shantanu/.m2/repository/javax/servlet/servlet-api/2.5/servlet-api-2.5.jar:/Users/shantanu/.m2/repository/org/jasypt/jasypt/1.7/jasypt-1.7.jar:/Users/shantanu/.m2/repository/org/springframework/spring-aspects/3.2.1.RELEASE/spring-aspects-3.2.1.RELEASE.jar:/Users/shantanu/.m2/repository/org/aspectj/aspectjweaver/1.7.1/aspectjweaver-1.7.1.jar:/Users/shantanu/.m2/repository/org/springframework/spring-context-support/3.2.1.RELEASE/spring-context-support-3.2.1.RELEASE.jar:/Users/shantanu/.m2/repository/net/sf/json-lib/json-lib/2.3/json-lib-2.3-jdk15.jar:/Users/shantanu/.m2/repository/commons-beanutils/commons-beanutils/1.8.0/commons-beanutils-1.8.0.jar:/Users/shantanu/.m2/repository/commons-lang/commons-lang/2.4/commons-lang-2.4.jar:/Users/shantanu/.m2/repository/net/sf/ezmorph/ezmorph/1.0.6/ezmorph-1.0.6.jar:/Users/shantanu/.m2/repository/org/springframework/ws/spring-ws-core/2.0.0.RELEASE/spring-ws-core-2.0.0.RELEASE.jar:/Users/shantanu/.m2/repository/org/springframework/spring-oxm/3.0.5.RELEASE/spring-oxm-3.0.5.RELEASE.jar:/Users/shantanu/.m2/repository/wsdl4j/wsdl4j/1.6.1/wsdl4j-1.6.1.jar:/Users/shantanu/.m2/repository/javax/xml/stream/stax-api/1.0-2/stax-api-1.0-2.jar:/Users/shantanu/.m2/repository/org/springframework/ws/spring-ws-security/2.0.0.RELEASE/spring-ws-security-2.0.0.RELEASE.jar:/Users/shantanu/.m2/repository/org/springframework/ws/spring-xml/2.0.0.RELEASE/spring-xml-2.0.0.RELEASE.jar:/Users/shantanu/.m2/repository/org/springframework/ws/spring-ws-support/2.0.0.RELEASE/spring-ws-support-2.0.0.RELEASE.jar:/Users/shantanu/.m2/repository/com/sun/xml/wss/xws-security/3.0/xws-security-3.0.jar:/Users/shantanu/.m2/repository/javax/xml/soap/saaj-api/1.3/saaj-api-1.3.jar:/Users/shantanu/.m2/repository/javax/mail/mail/1.4/mail-1.4.jar:/Users/shantanu/.m2/repository/javax/xml/bind/jaxb-api/2.0/jaxb-api-2.0.jar:/Users/shantanu/.m2/repository/javax/xml/bind/jsr173_api/1.0/jsr173_api-1.0.jar:/Users/shantanu/.m2/repository/javax/xml/crypto/xmldsig/1.0/xmldsig-1.0.jar:/Users/shantanu/.m2/repository/javax/xml/ws/jaxws-api/2.1/jaxws-api-2.1.jar:/Users/shantanu/.m2/repository/javax/activation/activation/1.1/activation-1.1.jar:/Users/shantanu/.m2/repository/org/perf4j/perf4j/0.9.16/perf4j-0.9.16.jar:/Users/shantanu/.m2/repository/net/sourceforge/jtds/jtds/1.2.2/jtds-1.2.2.jar:/Users/shantanu/.m2/repository/org/apache/activemq/activemq-core/5.7.0/activemq-core-5.7.0.jar:/Users/shantanu/.m2/repository/org/slf4j/slf4j-api/1.6.6/slf4j-api-1.6.6.jar:/Users/shantanu/.m2/repository/org/apache/geronimo/specs/geronimo-jms_1.1_spec/1.1.1/geronimo-jms_1.1_spec-1.1.1.jar:/Users/shantanu/.m2/repository/org/apache/activemq/kahadb/5.7.0/kahadb-5.7.0.jar:/Users/shantanu/.m2/repository/org/apache/activemq/protobuf/activemq-protobuf/1.1/activemq-protobuf-1.1.jar:/Users/shantanu/.m2/repository/org/fusesource/mqtt-client/mqtt-client/1.3/mqtt-client-1.3.jar:/Users/shantanu/.m2/repository/org/fusesource/hawtdispatch/hawtdispatch-transport/1.11/hawtdispatch-transport-1.11.jar:/Users/shantanu/.m2/repository/org/fusesource/hawtdispatch/hawtdispatch/1.11/hawtdispatch-1.11.jar:/Users/shantanu/.m2/repository/org/fusesource/hawtbuf/hawtbuf/1.9/hawtbuf-1.9.jar:/Users/shantanu/.m2/repository/org/apache/geronimo/specs/geronimo-j2ee-management_1.1_spec/1.0.1/geronimo-j2ee-management_1.1_spec-1.0.1.jar:/Users/shantanu/.m2/repository/commons-net/commons-net/3.1/commons-net-3.1.jar:/Users/shantanu/.m2/repository/org/apache/activemq/activeio-core/3.1.4/activeio-core-3.1.4.jar:/Users/shantanu/.m2/repository/org/apache/activemq/activemq-pool/5.7.0/activemq-pool-5.7.0.jar:/Users/shantanu/.m2/repository/org/apache/geronimo/specs/geronimo-jta_1.0.1B_spec/1.0.1/geronimo-jta_1.0.1B_spec-1.0.1.jar:/Users/shantanu/.m2/repository/commons-pool/commons-pool/1.6/commons-pool-1.6.jar:/Users/shantanu/.m2/repository/org/aspectj/aspectjtools/1.6.8/aspectjtools-1.6.8.jar:/Users/shantanu/.m2/repository/javax/xml/jaxrpc-api/1.1/jaxrpc-api-1.1.jar:/Users/shantanu/.m2/repository/commons-discovery/commons-discovery/0.4/commons-discovery-0.4.jar:/Users/shantanu/.m2/repository/org/opensymphony/quartz/quartz/1.6.1/quartz-1.6.1.jar:/Users/shantanu/.m2/repository/displaytag/displaytag/1.2/displaytag-1.2.jar:/Users/shantanu/.m2/repository/com/lowagie/itext/1.3/itext-1.3.jar:/Users/shantanu/.m2/repository/org/apache/poi/poi/3.7/poi-3.7.jar:/Users/shantanu/.m2/repository/org/apache/poi/poi-ooxml/3.7/poi-ooxml-3.7.jar:/Users/shantanu/.m2/repository/org/apache/poi/poi-ooxml-schemas/3.7/poi-ooxml-schemas-3.7.jar:/Users/shantanu/.m2/repository/org/apache/xmlbeans/xmlbeans/2.3.0/xmlbeans-2.3.0.jar:/Users/shantanu/.m2/repository/stax/stax-api/1.0.1/stax-api-1.0.1.jar:/Users/shantanu/.m2/repository/org/apache/geronimo/specs/geronimo-stax-api_1.0_spec/1.0/geronimo-stax-api_1.0_spec-1.0.jar:/Users/shantanu/.m2/repository/org/slf4j/log4j-over-slf4j/1.7.5/log4j-over-slf4j-1.7.5.jar:/Users/shantanu/.m2/repository/org/slf4j/jul-to-slf4j/1.7.5/jul-to-slf4j-1.7.5.jar:/Users/shantanu/.m2/repository/org/slf4j/jcl-over-slf4j/1.7.5/jcl-over-slf4j-1.7.5.jar:/Users/shantanu/.m2/repository/ch/qos/logback/logback-classic/1.0.13/logback-classic-1.0.13.jar:/Users/shantanu/.m2/repository/ch/qos/logback/logback-core/1.0.13/logback-core-1.0.13.jar:/Users/shantanu/Documents/projects/analytics/lcs-scheduling-java/../lcs-scheduling-web/src/main/webapp/WEB-INF/lib/campusVueIntegrationServices.jar:/Users/shantanu/.m2/repository/com/thoughtworks/xstream/xstream/1.4.4/xstream-1.4.4.jar:/Users/shantanu/.m2/repository/xmlpull/xmlpull/1.1.3.1/xmlpull-1.1.3.1.jar:/Users/shantanu/.m2/repository/xpp3/xpp3_min/1.1.4c/xpp3_min-1.1.4c.jar:"/>
    <property name="java.vm.specification.version" value="1.7"/>
    <property name="sun.arch.data.model" value="64"/>
    <property name="java.home" value="/Library/Java/JavaVirtualMachines/jdk1.7.0_25.jdk/Contents/Home/jre"/>
    <property name="sun.java.command" value="/Users/shantanu/Documents/projects/analytics/lcs-scheduling-java/target/surefire/surefirebooter6635155710049132553.jar /Users/shantanu/Documents/projects/analytics/lcs-scheduling-java/target/surefire/surefire376993410018841419tmp /Users/shantanu/Documents/projects/analytics/lcs-scheduling-java/target/surefire/surefire2266921633323982276tmp"/>
    <property name="java.specification.vendor" value="Oracle Corporation"/>
    <property name="user.language" value="en"/>
    <property name="awt.toolkit" value="sun.lwawt.macosx.LWCToolkit"/>
    <property name="java.vm.info" value="mixed mode"/>
    <property name="java.version" value="1.7.0_25"/>
    <property name="java.ext.dirs" value="/Users/shantanu/Library/Java/Extensions:/Library/Java/JavaVirtualMachines/jdk1.7.0_25.jdk/Contents/Home/jre/lib/ext:/Library/Java/Extensions:/Network/Library/Java/Extensions:/System/Library/Java/Extensions:/usr/lib/java"/>
    <property name="sun.boot.class.path" value="/Library/Java/JavaVirtualMachines/jdk1.7.0_25.jdk/Contents/Home/jre/lib/resources.jar:/Library/Java/JavaVirtualMachines/jdk1.7.0_25.jdk/Contents/Home/jre/lib/rt.jar:/Library/Java/JavaVirtualMachines/jdk1.7.0_25.jdk/Contents/Home/jre/lib/sunrsasign.jar:/Library/Java/JavaVirtualMachines/jdk1.7.0_25.jdk/Contents/Home/jre/lib/jsse.jar:/Library/Java/JavaVirtualMachines/jdk1.7.0_25.jdk/Contents/Home/jre/lib/jce.jar:/Library/Java/JavaVirtualMachines/jdk1.7.0_25.jdk/Contents/Home/jre/lib/charsets.jar:/Library/Java/JavaVirtualMachines/jdk1.7.0_25.jdk/Contents/Home/jre/lib/jfr.jar:/Library/Java/JavaVirtualMachines/jdk1.7.0_25.jdk/Contents/Home/jre/lib/JObjC.jar:/Library/Java/JavaVirtualMachines/jdk1.7.0_25.jdk/Contents/Home/jre/classes"/>
    <property name="java.vendor" value="Oracle Corporation"/>
    <property name="localRepository" value="/Users/shantanu/.m2/repository"/>
    <property name="file.separator" value="/"/>
    <property name="java.vendor.url.bug" value="http://bugreport.sun.com/bugreport/"/>
    <property name="sun.cpu.endian" value="little"/>
    <property name="sun.io.unicode.encoding" value="UnicodeBig"/>
    <property name="socksNonProxyHosts" value="local|*.local|169.254/16|*.169.254/16"/>
    <property name="ftp.nonProxyHosts" value="local|*.local|169.254/16|*.169.254/16"/>
    <property name="sun.cpu.isalist" value=""/>
  </properties>
  <testcase time="0.529" classname="com.ss.institution.dao.InstitutionMgmtDAOTest" name="testAddInstitution"/>
  <testcase time="0.419" classname="com.ss.institution.dao.InstitutionMgmtDAOTest" name="testAddInstitution2"/>
</testsuite>